[2018-07-17 21:35:22] Error text: controller \sections\language\controllers\ChangeController not found | File: D:\OpenServer\domains\milleniumframework\vendor\superhabber\core\Router.php, | Line: 146
=============
[2018-07-17 21:37:41] Error text: controller \sections\language\controllers\ChangeController not found | File: D:\OpenServer\domains\milleniumframework\vendor\superhabber\core\Router.php, | Line: 146
=============
[2018-07-17 21:38:53] Error text: controller \sections\language\controllers\ChangeController not found | File: D:\OpenServer\domains\milleniumframework\vendor\superhabber\core\Router.php, | Line: 146
=============
[2018-07-17 21:39:04] Error text: Class 'sections\language\controllers\AppController' not found | File: D:\OpenServer\domains\milleniumframework\sections\language\controllers\DefaultController.php, | Line: 4
=============
[2018-07-17 21:39:43] Error text: Class 'sections\language\controllers\mill\base\Controller' not found | File: D:\OpenServer\domains\milleniumframework\sections\language\controllers\DefaultController.php, | Line: 4
=============
[2018-07-17 21:39:54] Error text: Class 'sections\language\controllers\mill\core\base\Controller' not found | File: D:\OpenServer\domains\milleniumframework\sections\language\controllers\DefaultController.php, | Line: 4
=============
[2018-07-17 21:40:00] Error text: controller \sections\language\controllers\DefaultController not found | File: D:\OpenServer\domains\milleniumframework\vendor\superhabber\core\Router.php, | Line: 146
=============
[2018-07-17 21:40:13] Error text: array_key_exists() expects parameter 2 to be array, null given | File: D:\OpenServer\domains\milleniumframework\sections\language\controllers\DefaultController.php, | Line: 9
=============
[2018-07-17 21:40:53] Error text: array_key_exists() expects parameter 2 to be array, null given | File: D:\OpenServer\domains\milleniumframework\sections\language\controllers\DefaultController.php, | Line: 10
=============
[2018-07-17 21:41:09] Error text: array_key_exists() expects parameter 2 to be array, null given | File: D:\OpenServer\domains\milleniumframework\sections\language\controllers\DefaultController.php, | Line: 10
=============
[2018-07-17 21:48:31] Error text: Undefined index: time | File: D:\OpenServer\domains\milleniumframework\sections\debug\views\Default\index.php, | Line: 22
=============
[2018-07-17 21:54:24] Error text: Undefined index: prefix | File: D:\OpenServer\domains\milleniumframework\vendor\superhabber\core\base\ErrorController.php, | Line: 49
=============
[2018-07-17 21:54:24] Error text: Invalid argument supplied for foreach() | File: D:\OpenServer\domains\milleniumframework\vendor\superhabber\widgets\language\lang_tpl.php, | Line: 8
=============
[2018-07-17 21:54:25] Error text: Undefined index: prefix | File: D:\OpenServer\domains\milleniumframework\vendor\superhabber\core\base\ErrorController.php, | Line: 49
=============
[2018-07-17 21:54:25] Error text: Invalid argument supplied for foreach() | File: D:\OpenServer\domains\milleniumframework\vendor\superhabber\widgets\language\lang_tpl.php, | Line: 8
=============
[2018-07-17 21:54:50] Error text: Undefined index: prefix | File: D:\OpenServer\domains\milleniumframework\vendor\superhabber\core\base\ErrorController.php, | Line: 49
=============
[2018-07-17 21:54:50] Error text: Invalid argument supplied for foreach() | File: D:\OpenServer\domains\milleniumframework\vendor\superhabber\widgets\language\lang_tpl.php, | Line: 8
=============
[2018-07-17 21:54:51] Error text: Undefined index: prefix | File: D:\OpenServer\domains\milleniumframework\vendor\superhabber\core\base\ErrorController.php, | Line: 49
=============
[2018-07-17 21:54:51] Error text: Invalid argument supplied for foreach() | File: D:\OpenServer\domains\milleniumframework\vendor\superhabber\widgets\language\lang_tpl.php, | Line: 8
=============
[2018-07-17 21:55:00] Error text: Undefined index: prefix | File: D:\OpenServer\domains\milleniumframework\vendor\superhabber\core\base\ErrorController.php, | Line: 49
=============
[2018-07-17 21:55:00] Error text: Invalid argument supplied for foreach() | File: D:\OpenServer\domains\milleniumframework\vendor\superhabber\widgets\language\lang_tpl.php, | Line: 8
=============
[2018-07-17 21:55:02] Error text: Undefined index: prefix | File: D:\OpenServer\domains\milleniumframework\vendor\superhabber\core\base\ErrorController.php, | Line: 49
=============
[2018-07-17 21:55:02] Error text: Invalid argument supplied for foreach() | File: D:\OpenServer\domains\milleniumframework\vendor\superhabber\widgets\language\lang_tpl.php, | Line: 8
=============
[2018-07-17 21:55:06] Error text: Undefined index: prefix | File: D:\OpenServer\domains\milleniumframework\vendor\superhabber\core\base\ErrorController.php, | Line: 49
=============
[2018-07-17 21:55:06] Error text: Invalid argument supplied for foreach() | File: D:\OpenServer\domains\milleniumframework\vendor\superhabber\widgets\language\lang_tpl.php, | Line: 8
=============
[2018-07-17 21:55:42] Error text: Undefined index: prefix | File: D:\OpenServer\domains\milleniumframework\vendor\superhabber\core\base\ErrorController.php, | Line: 49
=============
[2018-07-17 21:55:42] Error text: Invalid argument supplied for foreach() | File: D:\OpenServer\domains\milleniumframework\vendor\superhabber\widgets\language\lang_tpl.php, | Line: 8
=============
[2018-07-17 21:55:43] Error text: Undefined index: prefix | File: D:\OpenServer\domains\milleniumframework\vendor\superhabber\core\base\ErrorController.php, | Line: 49
=============
[2018-07-17 21:55:43] Error text: Invalid argument supplied for foreach() | File: D:\OpenServer\domains\milleniumframework\vendor\superhabber\widgets\language\lang_tpl.php, | Line: 8
=============
